{"level":"info","message":"Server runnning on port 5001"}
{"level":"info","message":"Server runnning on port 5001"}
{"level":"info","message":"Server runnning on port 5001"}
{"level":"info","message":"Server runnning on port 5001"}
{"level":"info","message":"Server runnning on port 5001"}
{"level":"info","message":"Server runnning on port 5001"}
{"level":"info","message":"Server runnning on port 5001"}
{"level":"info","message":"Server runnning on port 5001"}
{"level":"info","message":"Server runnning on port 5001"}
{"level":"info","message":"Server runnning on port 5001"}
{"level":"info","message":"Server runnning on port 5001"}
{"level":"info","message":"Server runnning on port 5001"}
{"level":"info","message":"Server runnning on port 5001"}
{"level":"info","message":"Server runnning on port 5001"}
{"level":"info","message":"Server runnning on port 5001"}
{"level":"info","message":"Server runnning on port 5001"}
{"level":"info","message":"Server runnning on port 5001"}
{"level":"info","message":"Server runnning on port 5001"}
{"level":"info","message":"Server runnning on port 5001"}
{"level":"info","message":"Server runnning on port 5001"}
{"level":"info","message":"Server runnning on port 5001"}
{"level":"info","message":"Server runnning on port 5001"}
{"level":"info","message":"Server runnning on port 5001"}
{"level":"info","message":"Server runnning on port 5001"}
{"level":"info","message":"Server runnning on port 5001"}
{"level":"info","message":"Server runnning on port 5001"}
{"level":"info","message":"Server runnning on port 5001"}
{"level":"info","message":"Server runnning on port 5001"}
{"level":"info","message":"Server runnning on port 5001"}
{"level":"info","message":"Server runnning on port 5001"}
{"level":"info","message":"Server runnning on port 5001"}
{"level":"info","message":"Server runnning on port 5001"}
{"level":"info","message":"Server runnning on port 5001"}
{"level":"info","message":"Server runnning on port 5001"}
{"level":"info","message":"Server runnning on port 5001"}
{"level":"info","message":"Server runnning on port 5001"}
{"level":"info","message":"Server runnning on port 5001"}
{"level":"info","message":"Server runnning on port 5001"}
{"level":"info","message":"Server runnning on port 5001"}
{"level":"info","message":"Server runnning on port 5001"}
{"level":"info","message":"Server runnning on port 5001"}
{"level":"info","message":"Server runnning on port 5001"}
{"level":"info","message":"Server runnning on port 5001"}
{"level":"info","message":"Server runnning on port 5001"}
{"level":"info","message":"Server runnning on port 5001"}
{"level":"info","message":"Server runnning on port 5001"}
{"level":"info","message":"Server runnning on port 5001"}
{"level":"info","message":"Server runnning on port 5001"}
{"level":"info","message":"Server runnning on port 5001"}
{"level":"info","message":"Server runnning on port 5001"}
{"level":"info","message":"Server runnning on port 5001"}
{"level":"info","message":"Server runnning on port 5001"}
{"level":"info","message":"Server runnning on port 5001"}
{"level":"info","message":"Server runnning on port 5001"}
{"level":"info","message":"Server runnning on port 5001"}
{"level":"info","message":"Server runnning on port 5001"}
{"level":"info","message":"Server runnning on port 5001"}
{"level":"error","message":"Please fill the mandatory fields"}
{"level":"info","message":"Server runnning on port 5001"}
{"level":"info","message":"Server runnning on port 5001"}
{"level":"info","message":"Server runnning on port 5001"}
{"level":"info","message":"Server runnning on port 5001"}
{"level":"info","message":"Server runnning on port 5001"}
{"level":"error","message":"Please fill the mandatory fields"}
{"level":"info","message":"Server runnning on port 5001"}
{"level":"info","message":"Server runnning on port 5001"}
{"level":"info","message":"Password hashed successfully for user with email: james@gmail.com"}
{"level":"info","message":"User created successfully: {\n  email: 'james@gmail.com',\n  password: '$2b$10$bLPDtEcEvxIbBogWb8XvMu.mFqErcCh4P8VpnTiY2YTI2RaocQrI.',\n  first_name: 'James',\n  last_name: 'Rodriguez',\n  phone_number: '334455',\n  _id: new ObjectId(\"641c20dfab0e3b8a3f61f2b8\"),\n  createdAt: 2023-03-23T09:50:23.938Z,\n  updatedAt: 2023-03-23T09:50:23.938Z,\n  __v: 0\n}"}
{"level":"info","message":"Server runnning on port 5001"}
{"level":"info","message":"Server runnning on port 5001"}
{"level":"info","message":"Server runnning on port 5001"}
{"level":"info","message":"Server runnning on port 5001"}
{"level":"error","message":"User with james@gmail.com already registered"}
{"level":"info","message":"Server runnning on port 5001"}
{"level":"info","message":"Server runnning on port 5001"}
{"level":"info","message":"Server runnning on port 5001"}
{"level":"info","message":"Server runnning on port 5001"}
{"level":"info","message":"Server runnning on port 5001"}
{"level":"info","message":"Server runnning on port 5001"}
{"level":"info","message":"Server runnning on port 5001"}
{"level":"info","message":"Server runnning on port 5001"}
{"level":"info","message":"Server runnning on port 5001"}
{"level":"info","message":"Server runnning on port 5001"}
{"level":"info","message":"Server runnning on port 5001"}
{"level":"info","message":"Server runnning on port 5001"}
{"level":"info","message":"Server runnning on port 5001"}
{"level":"info","message":"Server runnning on port 5001"}
{"level":"info","message":"Server runnning on port 5001"}
{"level":"info","message":"Server runnning on port 5001"}
{"level":"info","message":"Server runnning on port 5001"}
{"level":"info","message":"Server runnning on port 5001"}
{"level":"info","message":"Server runnning on port 5001"}
{"level":"info","message":"Server runnning on port 5001"}
{"level":"info","message":"Server runnning on port 5001"}
{"level":"info","message":"Server runnning on port 5001"}
{"level":"info","message":"Server runnning on port 5001"}
{"level":"info","message":"Server runnning on port 5001"}
{"level":"info","message":"Server runnning on port 5001"}
{"level":"info","message":"Server runnning on port 5001"}
{"level":"info","message":"Server runnning on port 5001"}
{"level":"info","message":"Server runnning on port 5001"}
{"level":"info","message":"Server runnning on port 5001"}
{"level":"info","message":"Server runnning on port 5001"}
{"level":"info","message":"Server runnning on port 5001"}
{"level":"info","message":"Server runnning on port 5001"}
{"level":"info","message":"Server runnning on port 5001"}
{"level":"info","message":"Server runnning on port 5001"}
{"level":"info","message":"Server runnning on port 5001"}
{"level":"info","message":"Server runnning on port 5001"}
{"level":"info","message":"Server runnning on port 5001"}
{"level":"info","message":"Server runnning on port 5001"}
{"level":"info","message":"Server runnning on port 5001"}
{"level":"info","message":"Server runnning on port 5001"}
{"level":"info","message":"Server runnning on port 5001"}
{"level":"info","message":"Server runnning on port 5001"}
{"level":"info","message":"Server runnning on port 5001"}
{"level":"info","message":"Server runnning on port 5001"}
{"level":"info","message":"Server runnning on port 5001"}
{"level":"info","message":"Server runnning on port 5001"}
{"level":"info","message":"Server runnning on port 5001"}
{"level":"info","message":"Server runnning on port 5001"}
{"level":"info","message":"Server runnning on port 5001"}
{"level":"info","message":"Server runnning on port 5001"}
{"level":"info","message":"Server runnning on port 5001"}
{"level":"info","message":"Server runnning on port 5001"}
{"level":"info","message":"Server runnning on port 5001"}
{"level":"info","message":"Server runnning on port 5001"}
{"level":"info","message":"Server runnning on port 5001"}
{"level":"info","message":"Server runnning on port 5001"}
{"level":"info","message":"Server runnning on port 5001"}
{"level":"info","message":"Server runnning on port 5001"}
{"level":"info","message":"Server runnning on port 5001"}
{"level":"info","message":"Server runnning on port 5001"}
{"level":"info","message":"Server runnning on port 5001"}
{"level":"info","message":"ACCESS TOKEN successfully generated"}
{"level":"info","message":"Server runnning on port 5001"}
{"level":"info","message":"Password hashed successfully for user with email: john@gmail.com"}
{"level":"info","message":"User created successfully: {\n  email: 'john@gmail.com',\n  password: '$2b$10$FV7E6QvhYp.Zzcu61VdmduZhj4LjmW6cHc7wdA2Zls8oKSqcA7.Hu',\n  first_name: 'John',\n  last_name: 'Wick',\n  phone_number: '445566',\n  _id: new ObjectId(\"641d42ee33ed1355f8cee104\"),\n  createdAt: 2023-03-24T06:27:58.362Z,\n  updatedAt: 2023-03-24T06:27:58.362Z,\n  __v: 0\n}"}
{"level":"info","message":"ACCESS TOKEN successfully generated"}
{"level":"info","message":"Password hashed successfully for user with email: keanu@gmail.com"}
{"level":"info","message":"User created successfully: {\n  email: 'keanu@gmail.com',\n  password: '$2b$10$NkIxWtzAzcZ2jctsVzl6Iu/ptpRwHT9SjevyjfVfBXPJouOyAnlKi',\n  first_name: 'Keanu',\n  last_name: 'Reaves',\n  phone_number: '85894',\n  _id: new ObjectId(\"641d446133ed1355f8cee108\"),\n  createdAt: 2023-03-24T06:34:09.345Z,\n  updatedAt: 2023-03-24T06:34:09.345Z,\n  __v: 0\n}"}
{"level":"info","message":"ACCESS TOKEN successfully generated"}
