{"level":"error","message":"Please fill the mandatory fields"}
{"level":"error","message":"Please fill the mandatory fields"}
{"level":"error","message":"User with james@gmail.com already registered"}
{"level":"error","message":"User with james@gmail.com already registered"}
{"level":"error","message":"User with sergio@gmail.com already registered"}
{"level":"error","message":"Please fill the mandatory fields"}
{"level":"error","message":"User not found"}
{"level":"error","message":"User with faizan@gmail.com already registered"}
{"level":"error","message":"User not found"}
{"level":"error","message":"User not found"}
{"level":"error","message":"User not found"}
{"level":"error","message":"User not found"}
{"level":"error","message":"User not found"}
{"level":"error","message":"All fields are mandatory"}
{"level":"error","message":"All fields are mandatory"}
{"level":"error","message":"All fields are mandatory"}
{"level":"error","message":"All fields are mandatory"}
{"level":"error","message":"All fields are mandatory"}
{"level":"error","message":"All fields are mandatory"}
{"level":"error","message":"All fields are mandatory"}
{"level":"error","message":"All fields are mandatory"}
{"level":"error","message":"User not found"}
{"level":"error","message":"User not found"}
{"level":"error","message":"All fields are mandatory"}
{"level":"error","message":"All fields are mandatory"}
{"level":"error","message":"All fields are mandatory"}
{"level":"error","message":"All fields are mandatory"}
{"level":"error","message":"All fields are mandatory"}
{"level":"error","message":"All fields are mandatory"}
{"level":"error","message":"All fields are mandatory"}
{"level":"error","message":"All fields are mandatory"}
{"level":"error","message":"All fields are mandatory"}
{"level":"error","message":"All fields are mandatory"}
{"level":"error","message":"User with keanu@gmail.com already registered"}
{"level":"error","message":"All fields are mandatory"}
{"level":"error","message":"All fields are mandatory"}
{"level":"error","message":"Error in createBooking"}
{"level":"error","message":"Error in createBooking"}
{"level":"error","message":"Error in createBooking"}
{"level":"error","message":"Error in createBooking"}
{"level":"error","message":"Error in createBooking"}
{"level":"error","message":"Error in createBooking"}
{"level":"error","message":"Error in createBooking"}
{"level":"error","message":"Error in createBooking"}
{"level":"error","message":"Error in createBooking"}
{"level":"error","message":"Error in createBooking"}
{"level":"error","message":"Error in createBooking"}
{"level":"error","message":"Error in createBooking"}
{"level":"error","message":"Error in createBooking"}
{"level":"error","message":"Error in createBooking"}
{"level":"error","message":"Error in createBooking"}
{"level":"error","message":"Error in createBooking"}
{"level":"error","message":"Error in createBooking"}
{"level":"error","message":"Error in createBooking"}
{"level":"error","message":"Error in createBooking"}
{"level":"error","message":"Error in createBooking"}
{"level":"error","message":"Error in createBooking"}
{"level":"error","message":"Error in createBooking: Booking validation failed: fare: Path `fare` is required."}
{"level":"error","message":"Error in createBooking: fare is not defined"}
{"level":"error","message":"User is not authorized"}
{"level":"error","message":"User not found"}
{"level":"error","message":"User not found"}
{"level":"error","message":"Please fill the mandatory fields"}
{"level":"error","message":"Error in payment"}
{"code":"missing","doc_url":"https://stripe.com/docs/error-codes/missing","headers":{"access-control-allow-credentials":"true","access-control-allow-methods":"GET, POST, HEAD, OPTIONS, DELETE","access-control-allow-origin":"*","access-control-expose-headers":"Request-Id, Stripe-Manage-Version, X-Stripe-External-Auth-Required, X-Stripe-Privileged-Session-Required","access-control-max-age":"300","cache-control":"no-cache, no-store","connection":"keep-alive","content-length":"316","content-type":"application/json","date":"Tue, 28 Mar 2023 09:21:04 GMT","idempotency-key":"87155754-52d3-41d3-898c-b14189847af7","original-request":"req_l9rPf7tV6lDsIX","request-id":"req_l9rPf7tV6lDsIX","server":"nginx","strict-transport-security":"max-age=63072000; includeSubDomains; preload","stripe-version":"2022-11-15"},"level":"error","param":"card","raw":{"code":"missing","doc_url":"https://stripe.com/docs/error-codes/missing","headers":{"access-control-allow-credentials":"true","access-control-allow-methods":"GET, POST, HEAD, OPTIONS, DELETE","access-control-allow-origin":"*","access-control-expose-headers":"Request-Id, Stripe-Manage-Version, X-Stripe-External-Auth-Required, X-Stripe-Privileged-Session-Required","access-control-max-age":"300","cache-control":"no-cache, no-store","connection":"keep-alive","content-length":"316","content-type":"application/json","date":"Tue, 28 Mar 2023 09:21:04 GMT","idempotency-key":"87155754-52d3-41d3-898c-b14189847af7","original-request":"req_l9rPf7tV6lDsIX","request-id":"req_l9rPf7tV6lDsIX","server":"nginx","strict-transport-security":"max-age=63072000; includeSubDomains; preload","stripe-version":"2022-11-15"},"message":"Cannot charge a customer that has no active card","param":"card","requestId":"req_l9rPf7tV6lDsIX","request_log_url":"https://dashboard.stripe.com/test/logs/req_l9rPf7tV6lDsIX?t=1679995264","statusCode":402,"type":"card_error"},"rawType":"card_error","requestId":"req_l9rPf7tV6lDsIX","statusCode":402,"type":"StripeCardError"}
{"level":"error","message":"Please fill the mandatory fields"}
{"level":"error","message":"User with faizan@gmail.com already registered"}
{"level":"error","message":"User is not authorized"}
{"level":"error","message":"User is not authorized"}
{"level":"error","message":"User is not authorized"}
{"level":"error","message":"User is not authorized"}
{"level":"error","message":"Email or Password is not valid"}
{"level":"error","message":"Email or Password is not valid"}
{"level":"error","message":"Email or Password is not valid"}
{"level":"error","message":"Email or Password is not valid"}
{"level":"error","message":"User is not authorized"}
{"level":"error","message":"Email or Password is not valid"}
{"level":"error","message":"Email or Password is not valid"}
{"level":"error","message":"Email or Password is not valid"}
{"level":"error","message":"User not found"}
{"level":"error","message":"User is not authorized"}
{"level":"error","message":"User is not authorized"}
{"level":"error","message":"User not found"}
{"level":"error","message":"User is not authorized"}
{"level":"error","message":"No bookings found"}
{"level":"error","message":"No bookings found"}
{"level":"error","message":"No bookings found"}
{"level":"error","message":"Error in bookingHistory: Booking is not defined"}
{"level":"error","message":"Error in bookingHistory: Booking is not defined"}
{"level":"error","message":"User is not authorized"}
{"level":"error","message":"No bookings found."}
{"level":"error","message":"User is not authorized"}
{"level":"error","message":"User is not authorized"}
{"level":"error","message":"Error in User login"}
{"level":"error","message":"Error in User login"}
{"level":"error","message":"Error in User login"}
{"level":"error"}
{"level":"error"}
{"level":"error"}
{"level":"error"}
{"level":"error"}
{"level":"error","message":"error"}
{"level":"error","message":"Email and Passwords are required"}
{"level":"error","message":"Email and Passwords are required"}
{"level":"error","message":"Error in User login"}
{"level":"error","message":"Error in createBooking: Erro is not defined"}
{"level":"error","message":"Error in createBooking: Geocoding error: ZERO_RESULTS"}
{"level":"error","message":"Error in createBooking: Geocoding error: ZERO_RESULTS"}
{"level":"error","message":"Error in Driver login"}
{"level":"error","message":"User is not authorized"}
{"level":"error","message":"User is not authorized"}
{"level":"error","message":"User is not authorized"}
{"level":"error","message":"User is not authorized"}
{"level":"error","message":"User is not authorized"}
{"level":"error","message":"User is not authorized"}
{"level":"error","message":"User is not authorized"}
{"level":"error","message":"User is not authorized"}
{"level":"error","message":"User is not authorized"}
{"level":"error","message":"User is not authorized"}
{"level":"error","message":"User is not authorized"}
{"level":"error","message":"Error in createBooking: longitude is not defined"}
{"level":"error","message":"Error in createBooking: longitude is not defined"}
{"level":"error","message":"Error in createBooking: Plan executor error during findAndModify :: caused by :: Can't extract geo keys: { _id: ObjectId('64255fc29e25820cffde6544'), name: \"Ted2\", email: \"driverted2@gmail.com\", password: \"$2b$10$WmoyuB.DyMPGS2keUMRY0eEMth4kDFlZhel/TjkU1dxYwv31yGiu2\", phoneNumber: \"85894\", role: \"driver\", licenseNumber: \"1245\", carModel: \"Nissan\", carNumber: \"1245\", isAvailable: false, createdAt: new Date(1680170946440), updatedAt: new Date(1680179831972), __v: 0, location: { type: \"Point\", coordinates: [ null, null ] } }  Point must only contain numeric elements"}
{"level":"error","message":"User with dummy@gmail.com already registered"}
{"level":"error","message":"User is not authorized"}
{"level":"error","message":"No bookings found."}
{"level":"error","message":"Error in getBookings: Cannot set headers after they are sent to the client"}
{"level":"error","message":"User with mockuser3@gmail.com already registered"}
{"code":"missing","doc_url":"https://stripe.com/docs/error-codes/missing","headers":{"access-control-allow-credentials":"true","access-control-allow-methods":"GET, POST, HEAD, OPTIONS, DELETE","access-control-allow-origin":"*","access-control-expose-headers":"Request-Id, Stripe-Manage-Version, X-Stripe-External-Auth-Required, X-Stripe-Privileged-Session-Required","access-control-max-age":"300","cache-control":"no-cache, no-store","connection":"keep-alive","content-length":"316","content-type":"application/json","date":"Fri, 31 Mar 2023 06:11:19 GMT","idempotency-key":"aab28954-b279-43e0-8c47-6de5dd7f6159","original-request":"req_gvNxRzOdZCQIQ2","request-id":"req_gvNxRzOdZCQIQ2","server":"nginx","strict-transport-security":"max-age=63072000; includeSubDomains; preload","stripe-version":"2022-11-15"},"level":"error","param":"card","raw":{"code":"missing","doc_url":"https://stripe.com/docs/error-codes/missing","headers":{"access-control-allow-credentials":"true","access-control-allow-methods":"GET, POST, HEAD, OPTIONS, DELETE","access-control-allow-origin":"*","access-control-expose-headers":"Request-Id, Stripe-Manage-Version, X-Stripe-External-Auth-Required, X-Stripe-Privileged-Session-Required","access-control-max-age":"300","cache-control":"no-cache, no-store","connection":"keep-alive","content-length":"316","content-type":"application/json","date":"Fri, 31 Mar 2023 06:11:19 GMT","idempotency-key":"aab28954-b279-43e0-8c47-6de5dd7f6159","original-request":"req_gvNxRzOdZCQIQ2","request-id":"req_gvNxRzOdZCQIQ2","server":"nginx","strict-transport-security":"max-age=63072000; includeSubDomains; preload","stripe-version":"2022-11-15"},"message":"Cannot charge a customer that has no active card","param":"card","requestId":"req_gvNxRzOdZCQIQ2","request_log_url":"https://dashboard.stripe.com/test/logs/req_gvNxRzOdZCQIQ2?t=1680243079","statusCode":402,"type":"card_error"},"rawType":"card_error","requestId":"req_gvNxRzOdZCQIQ2","statusCode":402,"type":"StripeCardError"}
{"level":"error","message":"Error in User login"}
{"level":"error","message":"Error in User login"}
{"level":"error","message":"Error in User login"}
{"level":"error","message":"error in userRegistration sendEmail is not defined"}
{"level":"error","message":"User with mockuser123@gmail.com already registered"}
{"level":"error","message":"User is not authorized"}
{"level":"error","message":"User is not authorized"}
{"level":"error","message":"Either id or email is required to get the user info"}
{"level":"error","message":"User with adminkavin@gmail.com already registered"}
{"level":"error","message":"Error in getAllBookings: $regex has to be a string"}
{"level":"error","message":"Error in getAllBookings: $regex has to be a string"}
{"level":"error","message":"Error in getAllBookings: BSON field 'skip' value must be >= 0, actual value '-10'"}
{"level":"error","message":"Error in User login"}
{"level":"error","message":"Error in User login"}
{"level":"error","message":"Error in User login"}
{"level":"error","message":"Error in User login"}
{"level":"error","message":"Error in User login"}
{"level":"error","message":"Error in createBooking: fare is not defined"}
{"level":"error","message":"Error in createBooking: Plan executor error during findAndModify :: caused by :: Can't extract geo keys: { _id: ObjectId('642bc62784a83e117fae07d5'), name: \"kavin\", email: \"driverkavin@gmail.com\", password: \"$2b$10$oVHcj1ivk95mCjczzohCZ.EEaswlCyzIt8Go79f.wjCbN2kEOiCtu\", phoneNumber: \"85894\", role: \"driver\", isDeleted: false, isAvailable: false, createdAt: new Date(1680590375750), updatedAt: new Date(1680674227457), __v: 0, location: { type: \"Point\", coordinates: [ null, null ] } }  Point must only contain numeric elements"}
{"level":"error","message":"Error in createBooking: Plan executor error during findAndModify :: caused by :: Can't extract geo keys: { _id: ObjectId('642bc62784a83e117fae07d5'), name: \"kavin\", email: \"driverkavin@gmail.com\", password: \"$2b$10$oVHcj1ivk95mCjczzohCZ.EEaswlCyzIt8Go79f.wjCbN2kEOiCtu\", phoneNumber: \"85894\", role: \"driver\", isDeleted: false, isAvailable: false, createdAt: new Date(1680590375750), updatedAt: new Date(1680674445923), __v: 0, location: { type: \"Point\", coordinates: [ null, null ] } }  Point must only contain numeric elements"}
{"level":"error","message":"Error in createBooking: Plan executor error during findAndModify :: caused by :: Can't extract geo keys: { _id: ObjectId('642bc62784a83e117fae07d5'), name: \"kavin\", email: \"driverkavin@gmail.com\", password: \"$2b$10$oVHcj1ivk95mCjczzohCZ.EEaswlCyzIt8Go79f.wjCbN2kEOiCtu\", phoneNumber: \"85894\", role: \"driver\", isDeleted: false, isAvailable: false, createdAt: new Date(1680590375750), updatedAt: new Date(1680674723032), __v: 0, location: { type: \"Point\", coordinates: [ null, null ] } }  Point must only contain numeric elements"}
{"level":"error","message":"Error in User login"}
{"level":"error","message":"Error in User login"}
{"level":"error","message":"Error in User login"}
{"level":"error","message":"Error in validateToken: Cannot destructure property 'userPassword' of 'req.user.currentPassword' as it is undefined."}
{"level":"error","message":"Error in User login"}
{"level":"error","message":"Error in getAllBookings: Invalid $project :: caused by :: Unknown expression $arrayElement"}
{"level":"error","message":"Error in getAllBookings: PlanExecutor error during aggregation :: caused by :: $divide only supports numeric types, not object and int"}
{"level":"error","message":"Error in decodeAccessToken: jwt expired"}
{"level":"error","message":"Error in getAllBookings: mongoose is not defined"}
{"level":"error","message":"Error in getAllBookings: mongoose is not defined"}
{"level":"error","message":"Error in getAllBookings: Cast to Number failed for value \"234rs\" (type string) at path \"fare\" for model \"Booking\""}
{"level":"error","message":"Error in User login"}
{"level":"error","message":"Error in User login"}
